生成启动时间为 2016/11/11 9:19:23。
     1>项目“E:\Projects13\ConsoleApplication4\ConsoleApplication4\ConsoleApplication4.vcxproj”在节点 2 上(Build 个目标)。
     1>ClCompile:
         F:\电脑爱好者\VS2013\VC\bin\CL.exe /c /ZI /nologo /W3 /WX- /Od /Oy- /D WIN32 /D _DEBUG /D _CONSOLE /D _LIB /D _MBCS /Gm /EHsc /RTC1 /MDd /GS /fp:precise /Zc:wchar_t /Zc:forScope /Fo"Debug\\" /Fd"Debug\vc120.pdb" /Gd /TP /analyze- /errorReport:prompt "源.cpp"
         源.cpp
     1>e:\projects13\consoleapplication4\consoleapplication4\源.cpp(132): warning C4996: 'fopen': This function or variable may be unsafe. Consider using fopen_s instead. To disable deprecation, use _CRT_SECURE_NO_WARNINGS. See online help for details.
                 f:\电脑爱好者\vs2013\vc\include\stdio.h(211) : 参见“fopen”的声明
     1>e:\projects13\consoleapplication4\consoleapplication4\源.cpp(152): warning C4996: 'strcpy': This function or variable may be unsafe. Consider using strcpy_s instead. To disable deprecation, use _CRT_SECURE_NO_WARNINGS. See online help for details.
                 f:\电脑爱好者\vs2013\vc\include\string.h(112) : 参见“strcpy”的声明
     1>e:\projects13\consoleapplication4\consoleapplication4\源.cpp(277): warning C4996: 'fopen': This function or variable may be unsafe. Consider using fopen_s instead. To disable deprecation, use _CRT_SECURE_NO_WARNINGS. See online help for details.
                 f:\电脑爱好者\vs2013\vc\include\stdio.h(211) : 参见“fopen”的声明
     1>e:\projects13\consoleapplication4\consoleapplication4\源.cpp(294): warning C4996: 'fopen': This function or variable may be unsafe. Consider using fopen_s instead. To disable deprecation, use _CRT_SECURE_NO_WARNINGS. See online help for details.
                 f:\电脑爱好者\vs2013\vc\include\stdio.h(211) : 参见“fopen”的声明
     1>e:\projects13\consoleapplication4\consoleapplication4\源.cpp(349): warning C4554: “&”: 检查运算符优先级可能存在的错误；使用圆括号阐明优先级
     1>e:\projects13\consoleapplication4\consoleapplication4\源.cpp(352): warning C4996: 'fopen': This function or variable may be unsafe. Consider using fopen_s instead. To disable deprecation, use _CRT_SECURE_NO_WARNINGS. See online help for details.
                 f:\电脑爱好者\vs2013\vc\include\stdio.h(211) : 参见“fopen”的声明
     1>e:\projects13\consoleapplication4\consoleapplication4\源.cpp(379): warning C4996: 'sprintf': This function or variable may be unsafe. Consider using sprintf_s instead. To disable deprecation, use _CRT_SECURE_NO_WARNINGS. See online help for details.
                 f:\电脑爱好者\vs2013\vc\include\stdio.h(356) : 参见“sprintf”的声明
     1>e:\projects13\consoleapplication4\consoleapplication4\源.cpp(382): warning C4554: “&”: 检查运算符优先级可能存在的错误；使用圆括号阐明优先级
     1>e:\projects13\consoleapplication4\consoleapplication4\源.cpp(400): warning C4554: “&”: 检查运算符优先级可能存在的错误；使用圆括号阐明优先级
     1>e:\projects13\consoleapplication4\consoleapplication4\源.cpp(402): warning C4996: 'fopen': This function or variable may be unsafe. Consider using fopen_s instead. To disable deprecation, use _CRT_SECURE_NO_WARNINGS. See online help for details.
                 f:\电脑爱好者\vs2013\vc\include\stdio.h(211) : 参见“fopen”的声明
     1>e:\projects13\consoleapplication4\consoleapplication4\源.cpp(427): warning C4996: 'sprintf': This function or variable may be unsafe. Consider using sprintf_s instead. To disable deprecation, use _CRT_SECURE_NO_WARNINGS. See online help for details.
                 f:\电脑爱好者\vs2013\vc\include\stdio.h(356) : 参见“sprintf”的声明
     1>e:\projects13\consoleapplication4\consoleapplication4\源.cpp(431): warning C4554: “&”: 检查运算符优先级可能存在的错误；使用圆括号阐明优先级
     1>e:\projects13\consoleapplication4\consoleapplication4\源.cpp(438): warning C4554: “&”: 检查运算符优先级可能存在的错误；使用圆括号阐明优先级
       Link:
         F:\电脑爱好者\VS2013\VC\bin\link.exe /ERRORREPORT:PROMPT /OUT:"E:\Projects13\ConsoleApplication4\Debug\ConsoleApplication4.exe" /INCREMENTAL /NOLOGO kernel32.lib user32.lib gdi32.lib winspool.lib comdlg32.lib advapi32.lib shell32.lib ole32.lib oleaut32.lib uuid.lib odbc32.lib odbccp32.lib /MANIFEST /MANIFESTUAC:"level='asInvoker' uiAccess='false'" /manifest:embed /DEBUG /PDB:"E:\Projects13\ConsoleApplication4\Debug\ConsoleApplication4.pdb" /SUBSYSTEM:CONSOLE /TLBID:1 /DYNAMICBASE /NXCOMPAT /IMPLIB:"E:\Projects13\ConsoleApplication4\Debug\ConsoleApplication4.lib" /MACHINE:X86 "Debug\源.obj"
         ConsoleApplication4.vcxproj -> E:\Projects13\ConsoleApplication4\Debug\ConsoleApplication4.exe
     1>已完成生成项目“E:\Projects13\ConsoleApplication4\ConsoleApplication4\ConsoleApplication4.vcxproj”(Build 个目标)的操作。

生成成功。

已用时间 00:00:07.51
